0 info it worked if it ends with ok
1 verbose cli [ '/usr/bin/nodejs', '/usr/bin/npm', 'install', '-g', '@vue/cli' ]
2 info using npm@1.3.10
3 info using node@v0.10.25
4 verbose cache add [ '@vue/cli', null ]
5 verbose cache add name=undefined spec="@vue/cli" args=["@vue/cli",null]
6 verbose parsed url { protocol: null,
6 verbose parsed url   slashes: null,
6 verbose parsed url   auth: null,
6 verbose parsed url   host: null,
6 verbose parsed url   port: null,
6 verbose parsed url   hostname: null,
6 verbose parsed url   hash: null,
6 verbose parsed url   search: null,
6 verbose parsed url   query: null,
6 verbose parsed url   pathname: '@vue/cli',
6 verbose parsed url   path: '@vue/cli',
6 verbose parsed url   href: '@vue/cli' }
7 verbose cache add name="" spec="vue/cli" args=["","vue/cli"]
8 verbose parsed url { protocol: null,
8 verbose parsed url   slashes: null,
8 verbose parsed url   auth: null,
8 verbose parsed url   host: null,
8 verbose parsed url   port: null,
8 verbose parsed url   hostname: null,
8 verbose parsed url   hash: null,
8 verbose parsed url   search: null,
8 verbose parsed url   query: null,
8 verbose parsed url   pathname: 'vue/cli',
8 verbose parsed url   path: 'vue/cli',
8 verbose parsed url   href: 'vue/cli' }
9 silly lockFile 5dd9f5b4-vue-cli vue/cli
10 verbose lock vue/cli /home/taylor/.npm/5dd9f5b4-vue-cli.lock
11 info maybeGithub Attempting vue/cli from git://github.com/vue/cli
12 silly lockFile 104a4564-git-github-com-vue-cli git://github.com/vue/cli
13 verbose lock git://github.com/vue/cli /home/taylor/.npm/104a4564-git-github-com-vue-cli.lock
14 verbose addRemoteGit [ 'git://github.com/vue/cli', 'master' ]
15 verbose git clone git://github.com/vue/cli Cloning into bare repository '/home/taylor/.npm/_git-remotes/git-github-com-vue-cli-104a4564'...
15 verbose git clone git://github.com/vue/cli fatal: remote error:
15 verbose git clone git://github.com/vue/cli   Repository not found.
16 silly lockFile 104a4564-git-github-com-vue-cli git://github.com/vue/cli
17 silly lockFile 104a4564-git-github-com-vue-cli git://github.com/vue/cli
18 info maybeGithub Attempting vue/cli from git+ssh://git@github.com:vue/cli
19 silly lockFile c006d797-git-ssh-git-github-com-vue-cli git+ssh://git@github.com:vue/cli
20 verbose lock git+ssh://git@github.com:vue/cli /home/taylor/.npm/c006d797-git-ssh-git-github-com-vue-cli.lock
21 verbose addRemoteGit [ 'git@github.com:vue/cli', 'master' ]
22 error git clone git@github.com:vue/cli Cloning into bare repository '/home/taylor/.npm/_git-remotes/git-github-com-vue-cli-4dbdef53'...
22 error git clone git@github.com:vue/cli Warning: Permanently added 'github.com,192.30.253.112' (RSA) to the list of known hosts.
22 error git clone git@github.com:vue/cli Permission denied (publickey).
22 error git clone git@github.com:vue/cli fatal: Could not read from remote repository.
22 error git clone git@github.com:vue/cli
22 error git clone git@github.com:vue/cli Please make sure you have the correct access rights
22 error git clone git@github.com:vue/cli and the repository exists.
23 silly lockFile 4dbdef53-git-github-com-vue-cli git@github.com:vue/cli
24 silly lockFile 5dd9f5b4-vue-cli vue/cli
25 silly lockFile 5dd9f5b4-vue-cli vue/cli
26 error addLocal Could not install vue/cli
27 error Error: ENOENT, stat 'vue/cli'
28 error If you need help, you may report this log at:
28 error     <http://github.com/isaacs/npm/issues>
28 error or email it to:
28 error     <npm-@googlegroups.com>
29 error System Linux 4.4.0-17134-Microsoft
30 error command "/usr/bin/nodejs" "/usr/bin/npm" "install" "-g" "@vue/cli"
31 error cwd /home/taylor/recipie/recipe
32 error node -v v0.10.25
33 error npm -v 1.3.10
34 error path vue/cli
35 error code ENOENT
36 error errno 34
37 verbose exit [ 34, true ]
